[    0.000000] Linux version 4.15.0-212-generic (buildd@lcy02-amd64-083) (gcc version 7.5.0 (Ubuntu 7.5.0-3ubuntu1~18.04)) #223-Ubuntu SMP Tue May 23 13:09:22 UTC 2023 (Ubuntu 4.15.0-212.223-generic 4.15.18)
[    0.000000] Command line: BOOT_IMAGE=/boot/vmlinuz-4.15.0-212-generic root=LABEL=cloudimg-rootfs ro console=tty1 console=ttyS0
[    0.000000] KERNEL supported cpus:
[    0.000000]   Intel GenuineIntel
[    0.000000]   AMD AuthenticAMD
[    0.000000]   Centaur CentaurHauls
[    0.000000] x86/fpu: x87 FPU will use FXSAVE
[    0.000000] e820: BIOS-provided physical RAM map:
[    0.000000] BIOS-e820: [mem 0x0000000000000000-0x000000000009fbff] usable
[    0.000000] BIOS-e820: [mem 0x000000000009fc00-0x000000000009ffff] reserved
[    0.000000] BIOS-e820: [mem 0x00000000000f0000-0x00000000000fffff] reserved
[    0.000000] BIOS-e820: [mem 0x0000000000100000-0x000000001ffeffff] usable
[    0.000000] BIOS-e820: [mem 0x000000001fff0000-0x000000001fffffff] ACPI data
[    0.000000] BIOS-e820: [mem 0x00000000fec00000-0x00000000fec00fff] reserved
[    0.000000] BIOS-e820: [mem 0x00000000fee00000-0x00000000fee00fff] reserved
[    0.000000] BIOS-e820: [mem 0x00000000fffc0000-0x00000000ffffffff] reserved
[    0.000000] NX (Execute Disable) protection: active
[    0.000000] SMBIOS 2.5 present.
[    0.000000] DMI: innotek GmbH VirtualBox/VirtualBox, BIOS VirtualBox 12/01/2006
[    0.000000] Hypervisor detected: KVM
[    0.000000] e820: last_pfn = 0x1fff0 max_arch_pfn = 0x400000000
[    0.000000] x86/PAT: Configuration [0-7]: WB  WC  UC- UC  WB  WP  UC- WT  
[    0.000000] CPU MTRRs all blank - virtualized system.
[    0.000000] found SMP MP-table at [mem 0x0009fbf0-0x0009fbff]
[    0.000000] Scanning 1 areas for low memory corruption
[    0.000000] RAMDISK: [mem 0x1db01000-0x1ee12fff]
[    0.000000] ACPI: Early table checksum verification disabled
[    0.000000] ACPI: RSDP 0x00000000000E0000 000024 (v02 VBOX  )
[    0.000000] ACPI: XSDT 0x000000001FFF0030 00003C (v01 VBOX   VBOXXSDT 00000001 ASL  00000061)
[    0.000000] ACPI: FACP 0x000000001FFF00F0 0000F4 (v04 VBOX   VBOXFACP 00000001 ASL  00000061)
[    0.000000] ACPI: DSDT 0x000000001FFF0610 002353 (v02 VBOX   VBOXBIOS 00000002 INTL 20100528)
[    0.000000] ACPI: FACS 0x000000001FFF0200 000040
[    0.000000] ACPI: FACS 0x000000001FFF0200 000040
[    0.000000] ACPI: APIC 0x000000001FFF0240 000054 (v02 VBOX   VBOXAPIC 00000001 ASL  00000061)
[    0.000000] ACPI: SSDT 0x000000001FFF02A0 00036C (v01 VBOX   VBOXCPUT 00000002 INTL 20100528)
[    0.000000] ACPI: Reserving FACP table memory at [mem 0x1fff00f0-0x1fff01e3]
[    0.000000] ACPI: Reserving DSDT table memory at [mem 0x1fff0610-0x1fff2962]
[    0.000000] ACPI: Reserving FACS table memory at [mem 0x1fff0200-0x1fff023f]
[    0.000000] ACPI: Reserving FACS table memory at [mem 0x1fff0200-0x1fff023f]
[    0.000000] ACPI: Reserving APIC table memory at [mem 0x1fff0240-0x1fff0293]
[    0.000000] ACPI: Reserving SSDT table memory at [mem 0x1fff02a0-0x1fff060b]
[    0.000000] No NUMA configuration found
[    0.000000] Faking a node at [mem 0x0000000000000000-0x000000001ffeffff]
[    0.000000] NODE_DATA(0) allocated [mem 0x1ffc5000-0x1ffeffff]
[    0.000000] kvm-clock: cpu 0, msr 0:1ff44001, primary cpu clock
[    0.000000] kvm-clock: Using msrs 4b564d01 and 4b564d00
[    0.000000] kvm-clock: using sched offset of 3603026862 cycles
[    0.000000] clocksource: kvm-clock: mask: 0xffffffffffffffff max_cycles: 0x1cd42e4dffb, max_idle_ns: 881590591483 ns
[    0.000000] Zone ranges:
[    0.000000]   DMA      [mem 0x0000000000001000-0x0000000000ffffff]
[    0.000000]   DMA32    [mem 0x0000000001000000-0x000000001ffeffff]
[    0.000000]   Normal   empty
[    0.000000]   Device   empty
[    0.000000] Movable zone start for each node
[    0.000000] Early memory node ranges
[    0.000000]   node   0: [mem 0x0000000000001000-0x000000000009efff]
[    0.000000]   node   0: [mem 0x0000000000100000-0x000000001ffeffff]
[    0.000000] Reserved but unavailable: 104 pages
[    0.000000] Initmem setup node 0 [mem 0x0000000000001000-0x000000001ffeffff]
[    0.000000] ACPI: PM-Timer IO Port: 0x4008
[    0.000000] IOAPIC[0]: apic_id 1, version 32, address 0xfec00000, GSI 0-23
[    0.000000] ACPI: INT_SRC_OVR (bus 0 bus_irq 0 global_irq 2 dfl dfl)
[    0.000000] ACPI: INT_SRC_OVR (bus 0 bus_irq 9 global_irq 9 low level)
[    0.000000] Using ACPI (MADT) for SMP configuration information
[    0.000000] smpboot: Allowing 1 CPUs, 0 hotplug CPUs
[    0.000000] PM: Registered nosave memory: [mem 0x00000000-0x00000fff]
[    0.000000] PM: Registered nosave memory: [mem 0x0009f000-0x0009ffff]
[    0.000000] PM: Registered nosave memory: [mem 0x000a0000-0x000effff]
[    0.000000] PM: Registered nosave memory: [mem 0x000f0000-0x000fffff]
[    0.000000] e820: [mem 0x20000000-0xfebfffff] available for PCI devices
[    0.000000] Booting paravirtualized kernel on KVM
[    0.000000] clocksource: refined-jiffies: mask: 0xffffffff max_cycles: 0xffffffff, max_idle_ns: 7645519600211568 ns
[    0.000000] setup_percpu: NR_CPUS:8192 nr_cpumask_bits:1 nr_cpu_ids:1 nr_node_ids:1
[    0.000000] percpu: Embedded 50 pages/cpu s167936 r8192 d28672 u2097152
[    0.000000] PV qspinlock hash table entries: 256 (order: 0, 4096 bytes)
[    0.000000] Built 1 zonelists, mobility grouping on.  Total pages: 128889
[    0.000000] Policy zone: DMA32
[    0.000000] Kernel command line: BOOT_IMAGE=/boot/vmlinuz-4.15.0-212-generic root=LABEL=cloudimg-rootfs ro console=tty1 console=ttyS0
[    0.000000] Memory: 466748K/523832K available (12300K kernel code, 2477K rwdata, 4324K rodata, 2480K init, 2720K bss, 57084K reserved, 0K cma-reserved)
[    0.000000] SLUB: HWalign=64, Order=0-3, MinObjects=0, CPUs=1, Nodes=1
[    0.000000] ftrace: allocating 39508 entries in 155 pages
[    0.004000] Hierarchical RCU implementation.
[    0.004000] 	RCU restricting CPUs from NR_CPUS=8192 to nr_cpu_ids=1.
[    0.004000] 	Tasks RCU enabled.
[    0.004000] RCU: Adjusting geometry for rcu_fanout_leaf=16, nr_cpu_ids=1
[    0.004000] NR_IRQS: 524544, nr_irqs: 256, preallocated irqs: 16
[    0.004000] random: crng init done
[    0.004000] Console: colour VGA+ 80x25
[    0.004000] console [tty1] enabled
[    0.004000] console [ttyS0] enabled
[    0.004000] ACPI: Core revision 20170831
[    0.004000] ACPI: 2 ACPI AML tables successfully acquired and loaded
[    0.004000] APIC: Switch to symmetric I/O mode setup
[    0.004000] ..TIMER: vector=0x30 apic1=0 pin1=2 apic2=-1 pin2=-1
[    0.004005] tsc: Detected 3110.400 MHz processor
[    0.007380] Calibrating delay loop (skipped) preset value.. 6220.80 BogoMIPS (lpj=12441600)
[    0.008006] pid_max: default: 32768 minimum: 301
[    0.012029] Security Framework initialized
[    0.016003] Yama: becoming mindful.
[    0.018794] AppArmor: AppArmor initialized
[    0.020087] Dentry cache hash table entries: 65536 (order: 7, 524288 bytes)
[    0.024036] Inode-cache hash table entries: 32768 (order: 6, 262144 bytes)
[    0.028018] Mount-cache hash table entries: 1024 (order: 1, 8192 bytes)
[    0.032012] Mountpoint-cache hash table entries: 1024 (order: 1, 8192 bytes)
[    0.037467] Last level iTLB entries: 4KB 0, 2MB 0, 4MB 0
[    0.040003] Last level dTLB entries: 4KB 0, 2MB 0, 4MB 0, 1GB 0
[    0.044004] Spectre V1 : Mitigation: usercopy/swapgs barriers and __user pointer sanitization
[    0.048016] Spectre V2 : Mitigation: Enhanced IBRS
[    0.052011] Spectre V2 : Spectre v2 / SpectreRSB mitigation: Filling RSB on context switch
[    0.060004] Spectre V2 : Spectre v2 / PBRSB-eIBRS: Retire a single CALL on VMEXIT
[    0.064015] RETBleed: Mitigation: Enhanced IBRS
[    0.068011] Speculative Store Bypass: Vulnerable
[    0.080000] Freeing SMP alternatives memory: 36K
[    0.196337] APIC calibration not consistent with PM-Timer: 104ms instead of 100ms
[    0.200000] APIC delta adjusted to PM-Timer: 6267402 (6554007)
[    0.200309] smpboot: CPU0: 11th Gen Intel(R) Core(TM) i5-11300H @ 3.10GHz (family: 0x6, model: 0x8c, stepping: 0x1)
[    0.204134] Performance Events: unsupported p6 CPU model 140 no PMU driver, software events only.
[    0.208093] Hierarchical SRCU implementation.
[    0.212585] NMI watchdog: Perf event create on CPU 0 failed with -2
[    0.216006] NMI watchdog: Perf NMI watchdog permanently disabled
[    0.220096] smp: Bringing up secondary CPUs ...
[    0.224009] smp: Brought up 1 node, 1 CPU
[    0.228010] smpboot: Max logical packages: 1
[    0.232006] smpboot: Total of 1 processors activated (6220.80 BogoMIPS)
[    0.236284] devtmpfs: initialized
[    0.240061] x86/mm: Memory block size: 128MB
[    0.244118] evm: security.selinux
[    0.248058] evm: security.SMACK64
[    0.250183] evm: security.SMACK64EXEC
[    0.252009] evm: security.SMACK64TRANSMUTE
[    0.256005] evm: security.SMACK64MMAP
[    0.258410] evm: security.apparmor
[    0.260010] evm: security.ima
[    0.264010] evm: security.capability
[    0.268243] clocksource: jiffies: mask: 0xffffffff max_cycles: 0xffffffff, max_idle_ns: 7645041785100000 ns
[    0.272038] futex hash table entries: 256 (order: 2, 16384 bytes)
[    0.276058] pinctrl core: initialized pinctrl subsystem
[    0.280467] RTC time:  5:56:45, date: 11/06/24
[    0.284123] NET: Registered protocol family 16
[    0.288129] audit: initializing netlink subsys (disabled)
[    0.292226] cpuidle: using governor ladder
[    0.296011] audit: type=2000 audit(1730872610.015:1): state=initialized audit_enabled=0 res=1
[    0.300017] cpuidle: using governor menu
[    0.304122] ACPI: bus type PCI registered
[    0.308006] acpiphp: ACPI Hot Plug PCI Controller Driver version: 0.5
[    0.312701] PCI: Using configuration type 1 for base access
[    0.317780] HugeTLB registered 2.00 MiB page size, pre-allocated 0 pages
[    0.320276] ACPI: Added _OSI(Module Device)
[    0.324015] ACPI: Added _OSI(Processor Device)
[    0.328006] ACPI: Added _OSI(3.0 _SCP Extensions)
[    0.332006] ACPI: Added _OSI(Processor Aggregator Device)
[    0.335481] ACPI: Added _OSI(Linux-Dell-Video)
[    0.336018] ACPI: Added _OSI(Linux-Lenovo-NV-HDMI-Audio)
[    0.340008] ACPI: Added _OSI(Linux-HPI-Hybrid-Graphics)
[    0.344790] ACPI: Executed 1 blocks of module-level executable AML code
[    0.356353] ACPI: Interpreter enabled
[    0.359321] ACPI: (supports S0 S5)
[    0.360006] ACPI: Using IOAPIC for interrupt routing
[    0.364523] PCI: Using host bridge windows from ACPI; if necessary, use "pci=nocrs" and report a bug
[    0.368229] ACPI: Enabled 2 GPEs in block 00 to 07
[    0.383494] ACPI: PCI Root Bridge [PCI0] (domain 0000 [bus 00-ff])
[    0.384021] acpi PNP0A03:00: _OSC: OS supports [ASPM ClockPM Segments MSI]
[    0.388801] acpi PNP0A03:00: _OSC: not requesting OS control; OS requires [ExtendedConfig ASPM ClockPM MSI]
[    0.392037] acpi PNP0A03:00: fail to add MMCONFIG information, can't access extended PCI configuration space under this bridge.
[    0.396643] PCI host bridge to bus 0000:00
[    0.400008] pci_bus 0000:00: root bus resource [io  0x0000-0x0cf7 window]
[    0.404013] pci_bus 0000:00: root bus resource [io  0x0d00-0xffff window]
[    0.408012] pci_bus 0000:00: root bus resource [mem 0x000a0000-0x000bffff window]
[    0.412009] pci_bus 0000:00: root bus resource [mem 0x20000000-0xfdffffff window]
[    0.416027] pci_bus 0000:00: root bus resource [bus 00-ff]
[    0.427826] pci 0000:00:01.1: legacy IDE quirk: reg 0x10: [io  0x01f0-0x01f7]
[    0.428010] pci 0000:00:01.1: legacy IDE quirk: reg 0x14: [io  0x03f6]
[    0.432014] pci 0000:00:01.1: legacy IDE quirk: reg 0x18: [io  0x0170-0x0177]
[    0.436011] pci 0000:00:01.1: legacy IDE quirk: reg 0x1c: [io  0x0376]
[    0.456813] pci 0000:00:07.0: quirk: [io  0x4000-0x403f] claimed by PIIX4 ACPI
[    0.460035] pci 0000:00:07.0: quirk: [io  0x4100-0x410f] claimed by PIIX4 SMB
[    0.473935] ACPI: PCI Interrupt Link [LNKA] (IRQs 5 9 10 *11)
[    0.476535] ACPI: PCI Interrupt Link [LNKB] (IRQs 5 9 *10 11)
[    0.480174] ACPI: PCI Interrupt Link [LNKC] (IRQs 5 *9 10 11)
[    0.484176] ACPI: PCI Interrupt Link [LNKD] (IRQs 5 9 10 *11)
[    0.488370] SCSI subsystem initialized
[    0.492126] pci 0000:00:02.0: vgaarb: setting as boot VGA device
[    0.496000] pci 0000:00:02.0: vgaarb: VGA device added: decodes=io+mem,owns=io+mem,locks=none
[    0.496011] pci 0000:00:02.0: vgaarb: bridge control possible
[    0.500007] vgaarb: loaded
[    0.504049] ACPI: bus type USB registered
[    0.508043] usbcore: registered new interface driver usbfs
[    0.512036] usbcore: registered new interface driver hub
[    0.516034] usbcore: registered new device driver usb
[    0.520113] EDAC MC: Ver: 3.0.0
[    0.522742] PCI: Using ACPI for IRQ routing
[    0.528551] NetLabel: Initializing
[    0.532029] NetLabel:  domain hash size = 128
[    0.536009] NetLabel:  protocols = UNLABELED CIPSOv4 CALIPSO
[    0.540054] NetLabel:  unlabeled traffic allowed by default
[    0.544163] clocksource: Switched to clocksource kvm-clock
[    0.574943] VFS: Disk quotas dquot_6.6.0
[    0.581834] VFS: Dquot-cache hash table entries: 512 (order 0, 4096 bytes)
[    0.587579] AppArmor: AppArmor Filesystem Enabled
[    0.591011] pnp: PnP ACPI init
[    0.594624] pnp: PnP ACPI: found 3 devices
[    0.604724] clocksource: acpi_pm: mask: 0xffffff max_cycles: 0xffffff, max_idle_ns: 2085701024 ns
[    0.611785] NET: Registered protocol family 2
[    0.615045] IP idents hash table entries: 8192 (order: 4, 65536 bytes)
[    0.620082] TCP established hash table entries: 4096 (order: 3, 32768 bytes)
[    0.625620] TCP bind hash table entries: 4096 (order: 4, 65536 bytes)
[    0.631903] TCP: Hash tables configured (established 4096 bind 4096)
[    0.637869] UDP hash table entries: 256 (order: 1, 8192 bytes)
[    0.641830] UDP-Lite hash table entries: 256 (order: 1, 8192 bytes)
[    0.647145] NET: Registered protocol family 1
[    0.651416] pci 0000:00:00.0: Limiting direct PCI/PCI transfers
[    0.655479] pci 0000:00:01.0: Activating ISA DMA hang workarounds
[    0.660941] pci 0000:00:02.0: Video device with shadowed ROM at [mem 0x000c0000-0x000dffff]
[    0.668231] Unpacking initramfs...
[    1.084055] Freeing initrd memory: 19528K
[    1.089998] clocksource: tsc: mask: 0xffffffffffffffff max_cycles: 0x2cd5a8bb032, max_idle_ns: 440795365915 ns
[    1.096253] platform rtc_cmos: registered platform RTC device (no PNP device found)
[    1.101317] Scanning for low memory corruption every 60 seconds
[    1.105591] Initialise system trusted keyrings
[    1.108543] Key type blacklist registered
[    1.111016] workingset: timestamp_bits=36 max_order=17 bucket_order=0
[    1.116596] zbud: loaded
[    1.119186] squashfs: version 4.0 (2009/01/31) Phillip Lougher
[    1.123276] fuse init (API version 7.26)
[    1.127694] Key type asymmetric registered
[    1.130423] Asymmetric key parser 'x509' registered
[    1.133699] Block layer SCSI generic (bsg) driver version 0.4 loaded (major 246)
[    1.138282] io scheduler noop registered
[    1.141205] io scheduler deadline registered
[    1.145580] io scheduler cfq registered (default)
[    1.151272] ACPI: AC Adapter [AC] (off-line)
[    1.155462] input: Power Button as /devices/LNXSYSTM:00/LNXPWRBN:00/input/input0
[    1.162107] ACPI: Power Button [PWRF]
[    1.166533] input: Sleep Button as /devices/LNXSYSTM:00/LNXSLPBN:00/input/input1
[    1.173932] ACPI: Sleep Button [SLPF]
[    1.180494] ACPI: Battery Slot [BAT0] (battery present)
[    1.185800] Serial: 8250/16550 driver, 32 ports, IRQ sharing enabled
[    1.220747] 00:02: ttyS0 at I/O 0x3f8 (irq = 4, base_baud = 115200) is a 16550A
[    1.228901] Linux agpgart interface v0.103
[    1.234312] loop: module loaded
[    1.237566] scsi host0: ata_piix
[    1.239697] scsi host1: ata_piix
[    1.242078] ata1: PATA max UDMA/33 cmd 0x1f0 ctl 0x3f6 bmdma 0xd000 irq 14
[    1.246547] ata2: PATA max UDMA/33 cmd 0x170 ctl 0x376 bmdma 0xd008 irq 15
[    1.252460] tun: Universal TUN/TAP device driver, 1.6
[    1.255985] PPP generic driver version 2.4.2
[    1.258892] ehci_hcd: USB 2.0 'Enhanced' Host Controller (EHCI) Driver
[    1.263250] ehci-pci: EHCI PCI platform driver
[    1.267113] ehci-platform: EHCI generic platform driver
[    1.271475] ohci_hcd: USB 1.1 'Open' Host Controller (OHCI) Driver
[    1.276479] ohci-pci: OHCI PCI platform driver
[    1.280256] ohci-platform: OHCI generic platform driver
[    1.285222] uhci_hcd: USB Universal Host Controller Interface driver
[    1.290897] i8042: PNP: PS/2 Controller [PNP0303:PS2K,PNP0f03:PS2M] at 0x60,0x64 irq 1,12
[    1.301407] serio: i8042 KBD port at 0x60,0x64 irq 1
[    1.305811] serio: i8042 AUX port at 0x60,0x64 irq 12
[    1.309592] mousedev: PS/2 mouse device common for all mice
[    1.315718] input: AT Translated Set 2 keyboard as /devices/platform/i8042/serio0/input/input2
[    1.325700] rtc_cmos rtc_cmos: rtc core: registered rtc_cmos as rtc0
[    1.331237] rtc_cmos rtc_cmos: alarms up to one day, 114 bytes nvram
[    1.336387] i2c /dev entries driver
[    1.338808] device-mapper: uevent: version 1.0.3
[    1.342962] device-mapper: ioctl: 4.37.0-ioctl (2017-09-20) initialised: dm-devel@redhat.com
[    1.348964] ledtrig-cpu: registered to indicate activity on CPUs
[    1.353118] NET: Registered protocol family 10
[    1.359551] Segment Routing with IPv6
[    1.362142] NET: Registered protocol family 17
[    1.365115] Key type dns_resolver registered
[    1.368003] mce: Using 0 MCE banks
[    1.370622] RAS: Correctable Errors collector initialized.
[    1.374244] sched_clock: Marking stable (1374163130, 0)->(1935333749, -561170619)
[    1.379481] registered taskstats version 1
[    1.382377] Loading compiled-in X.509 certificates
[    1.388175] Loaded X.509 cert 'Build time autogenerated kernel key: b5b26778eaa3ab3a4a6cee031137706e947d12ad'
[    1.395512] Loaded X.509 cert 'Canonical Ltd. Live Patch Signing: 14df34d1a87cf37625abec039ef2bf521249b969'
[    1.403136] Loaded X.509 cert 'Canonical Ltd. Kernel Module Signing: 88f752e560a1e0737e31163a466ad7b70a850c19'
[    1.410356] blacklist: Loading compiled-in revocation X.509 certificates
[    1.462050] Loaded X.509 cert 'Canonical Ltd. Secure Boot Signing: 61482aa2830d0ab2ad5af10b7250da9033ddcef0'
[    1.469744] Loaded X.509 cert 'Canonical Ltd. Secure Boot Signing (2017): 242ade75ac4a15e50d50c84b0d45ff3eae707a03'
[    1.476503] Loaded X.509 cert 'Canonical Ltd. Secure Boot Signing (ESM 2018): 365188c1d374d6b07c3c8f240f8ef722433d6a8b'
[    1.483412] Loaded X.509 cert 'Canonical Ltd. Secure Boot Signing (2019): c0746fd6c5da3ae827864651ad66ae47fe24b3e8'
[    1.491096] Loaded X.509 cert 'Canonical Ltd. Secure Boot Signing (2021 v1): a8d54bbb3825cfb94fa13c9f8a594a195c107b8d'
[    1.498338] Loaded X.509 cert 'Canonical Ltd. Secure Boot Signing (2021 v2): 4cf046892d6fd3c9a5b03f98d845f90851dc6a8c'
[    1.506821] Loaded X.509 cert 'Canonical Ltd. Secure Boot Signing (2021 v3): 100437bb6de6e469b581e61cd66bce3ef4ed53af'
[    1.514078] Loaded X.509 cert 'Canonical Ltd. Secure Boot Signing (Ubuntu Core 2019): c1d57b8f6b743f23ee41f4f7ee292f06eecadfb9'
[    1.522139] zswap: loaded using pool lzo/zbud
[    1.528664] Key type big_key registered
[    1.531162] Key type trusted registered
[    1.535637] Key type encrypted registered
[    1.538373] AppArmor: AppArmor sha1 policy hashing enabled
[    1.541935] ima: No TPM chip found, activating TPM-bypass! (rc=-19)
[    1.545964] ima: Allocated hash algorithm: sha1
[    1.548940] evm: HMAC attrs: 0x1
[    1.551543]   Magic number: 0:899:920
[    1.554183] rtc_cmos rtc_cmos: setting system clock to 2024-11-06 05:56:46 UTC (1730872606)
[    1.559234] BIOS EDD facility v0.16 2004-Jun-25, 0 devices found
[    1.562695] EDD information not available.
[    1.567022] Freeing unused kernel image memory: 2480K
[    1.576873] Write protecting the kernel read-only data: 20480k
[    1.580642] Freeing unused kernel image memory: 2008K
[    1.583699] Freeing unused kernel image memory: 1820K
[    1.589816] x86/mm: Checked W+X mappings: passed, no W+X pages found.
Loading, please wait...
starting version 237
[    1.696395] e1000: Intel(R) PRO/1000 Network Driver - version 7.3.21-k8-NAPI
[    1.702757] e1000: Copyright (c) 1999-2006 Intel Corporation.
[    1.711751] Fusion MPT base driver 3.04.20
[    1.715390] Copyright (c) 1999-2008 LSI Corporation
[    1.738816] SSE version of gcm_enc/dec engaged.
[    1.767678] Fusion MPT SPI Host driver 3.04.20
[    1.953518] input: ImExPS/2 Generic Explorer Mouse as /devices/platform/i8042/serio1/input/input4
[    2.407302] e1000 0000:00:03.0 eth0: (PCI:33MHz:32-bit) 02:3b:7b:b7:3b:2d
[    2.412454] e1000 0000:00:03.0 eth0: Intel(R) PRO/1000 Network Connection
[    2.417435] mptbase: ioc0: Initiating bringup
[    2.542238] ioc0: LSI53C1030 A0: Capabilities={Initiator}
[    2.816400] scsi host2: ioc0: LSI53C1030 A0, FwRev=00000000h, Ports=1, MaxQ=256, IRQ=20
[    2.989717] scsi 2:0:0:0: Direct-Access     VBOX     HARDDISK         1.0  PQ: 0 ANSI: 5
[    3.004628] scsi target2:0:0: Beginning Domain Validation
[    3.017318] scsi target2:0:0: Domain Validation skipping write tests
[    3.022994] scsi target2:0:0: Ending Domain Validation
[    3.027596] scsi target2:0:0: asynchronous
[    3.033556] scsi 2:0:1:0: Direct-Access     VBOX     HARDDISK         1.0  PQ: 0 ANSI: 5
[    3.047769] scsi target2:0:1: Beginning Domain Validation
[    3.128668] scsi target2:0:1: Domain Validation skipping write tests
[    3.132417] scsi target2:0:1: Ending Domain Validation
[    3.141847] scsi target2:0:1: asynchronous
[    3.228768] sd 2:0:0:0: [sda] 83886080 512-byte logical blocks: (42.9 GB/40.0 GiB)
[    3.234260] sd 2:0:0:0: Attached scsi generic sg0 type 0
[    3.246292] sd 2:0:1:0: [sdb] 20480 512-byte logical blocks: (10.5 MB/10.0 MiB)
[    3.251550] sd 2:0:0:0: [sda] Write Protect is off
[    3.255143] sd 2:0:1:0: Attached scsi generic sg1 type 0
[    3.260367] sd 2:0:1:0: [sdb] Write Protect is off
[    3.265217] sd 2:0:0:0: [sda] Incomplete mode parameter data
[    3.270400] sd 2:0:0:0: [sda] Assuming drive cache: write through
[    3.283970] sd 2:0:1:0: [sdb] Incomplete mode parameter data
[    3.287541] sd 2:0:1:0: [sdb] Assuming drive cache: write through
[    3.301616]  sda: sda1
[    3.307101] sd 2:0:0:0: [sda] Attached SCSI disk
[    3.325705] sd 2:0:1:0: [sdb] Attached SCSI disk
[    3.687852] e1000 0000:00:08.0 eth1: (PCI:33MHz:32-bit) 08:00:27:7f:f4:3f
[    3.692345] e1000 0000:00:08.0 eth1: Intel(R) PRO/1000 Network Connection
[    3.697385] e1000 0000:00:08.0 enp0s8: renamed from eth1
[    3.721690] e1000 0000:00:03.0 enp0s3: renamed from eth0
Begin: Loading essential drivers ... [    5.316081] raid6: sse2x1   gen() 15318 MB/s
[    5.368199] raid6: sse2x1   xor()  8714 MB/s
[    5.420084] raid6: sse2x2   gen() 16336 MB/s
[    5.472085] raid6: sse2x2   xor() 13451 MB/s
[    5.532897] raid6: sse2x4   gen() 25702 MB/s
[    5.596057] raid6: sse2x4   xor() 15324 MB/s
[    5.599249] raid6: using algorithm sse2x4 gen() 25702 MB/s
[    5.602631] raid6: .... xor() 15324 MB/s, rmw enabled
[    5.605761] raid6: using ssse3x2 recovery algorithm
[    5.609963] xor: measuring software checksum speed
[    5.720044]    prefetch64-sse: 63247.000 MB/sec
[    5.824048]    generic_sse: 56332.000 MB/sec
[    5.827831] xor: using function: prefetch64-sse (63247.000 MB/sec)
[    5.833422] async_tx: api initialized (async)
done.
Begin: Running /scripts/init-premount ... done.
Begin: Mounting root file system ... Begin: Running /scripts/local-top ... done.
Begin: Running /scripts/local-premount ... [    5.883509] Btrfs loaded, crc32c=crc32c-intel
Scanning for Btrfs filesystems
done.
Warning: fsck not present, so skipping root file system
[    5.931549] EXT4-fs (sda1): mounted filesystem with ordered data mode. Opts: (null)
done.
Begin: Running /scripts/local-bottom ... done.
Begin: Running /scripts/init-bottom ... done.
[    6.145346] ip_tables: (C) 2000-2006 Netfilter Core Team
[    6.161706] systemd[1]: systemd 237 running in system mode. (+PAM +AUDIT +SELINUX +IMA +APPARMOR +SMACK +SYSVINIT +UTMP +LIBCRYPTSETUP +GCRYPT +GNUTLS +ACL +XZ +LZ4 +SECCOMP +BLKID +ELFUTILS +KMOD -IDN2 +IDN -PCRE2 default-hierarchy=hybrid)
[    6.174587] systemd[1]: Detected virtualization oracle.
[    6.177738] systemd[1]: Detected architecture x86-64.

Welcome to [1mUbuntu 18.04.6 LTS[0m!

[    6.184789] systemd[1]: Set hostname to <ubuntu>.
[    6.192175] systemd[1]: Initializing machine ID from random generator.
[    6.197099] systemd[1]: Installed transient /etc/machine-id file.
[    6.599150] systemd[1]: Started Forward Password Requests to Wall Directory Watch.
[[0;32m  OK  [0m] Started Forward Password Requests to Wall Directory Watch.
[    6.609489] systemd[1]: Reached target System Time Synchronized.
[[0;32m  OK  [0m] Reached target System Time Synchronized.
[    6.618282] systemd[1]: Created slice User and Session Slice.
[[0;32m  OK  [0m] Created slice User and Session Slice.
[    6.626562] systemd[1]: Reached target Mounting snaps.
[[0;32m  OK  [0m] Reached target Mounting snaps.
[[0;32m  OK  [0m] Reached target Mounted snaps.
[[0;32m  OK  [0m] Created slice System Slice.
[[0;32m  OK  [0m] Listening on fsck to fsckd communication Socket.
[[0;32m  OK  [0m] Listening on /dev/initctl Compatibility Named Pipe.
[[0;32m  OK  [0m] Listening on LVM2 metadata daemon socket.
[[0;32m  OK  [0m] Listening on LVM2 poll daemon socket.
[[0;32m  OK  [0m] Listening on Journal Socket (/dev/log).
[[0;32m  OK  [0m] Listening on udev Control Socket.
[[0;32m  OK  [0m] Listening on Journal Socket.
         Starting Load Kernel Modules...
         Starting Set the console keyboard layout...
         Starting Uncomplicated firewall...
[    6.686764] Loading iSCSI transport class v2.0-870.
         Mounting POSIX Message Queue File System...
         Mounting Kernel Debug File System...
         Starting Create list of required st…ce nodes for the current kernel...
[[0;32m  OK  [0m[    6.718618] iscsi: registered transport (tcp)
] Reached target Slices.
[[0;32m  OK  [0m] Listening on Network Service Netlink Socket.
[[0;32m  OK  [0m] Listening on Device-mapper event daemon FIFOs.
         Starting Monitoring of LVM2 mirrors…ng dmeventd or progress polling...
[[0;32m  OK  [0m] Listening on Journal Audit Socket.
[    6.747782] iscsi: registered transport (iser)
         Starting File System Check on Root Device...
[[0;32m  OK  [0m] Reached target User and Group Name Lookups.
[[0;32m  OK  [0m] Reached target Swap.
[[0;32m  OK  [0m] Created slice system-serial\x2dgetty.slice.
         Mounting Huge Pages File System...
[[0;32m  OK  [0m] Listening on udev Kernel Socket.
         Starting udev Coldplug all Devices...
[[0;32m  OK  [0m] Listening on Syslog Socket.
         Starting Journal Service...
[[0;32m  OK  [0m] Set up automount Arbitrary Executab…rmats File System Automount Point.
[[0;32m  OK  [0m] Started Journal Service.
[[0;32m  OK  [0m] Started Load Kernel Modules.
[[0;32m  OK  [0m] Started Uncomplicated firewall.
[[0;32m  OK  [0m] Mounted POSIX Message Queue File System.
[[0;32m  OK  [0m] Mounted Kernel Debug File System.
[[0;32m  OK  [0m] Started Create list of required sta…vice nodes for the current kernel.
[[0;32m  OK  [0m] Mounted Huge Pages File System.
[[0;32m  OK  [0m] Started LVM2 metadata daemon.
[[0;32m  OK  [0m] Started File System Check Daemon to report status.
         Starting Create Static Device Nodes in /dev...
         Mounting Kernel Configuration File System...
         Starting Apply Kernel Variables...
         Mounting FUSE Control File System...
[[0;32m  OK  [0m] Mounted FUSE Control File System.
[[0;32m  OK  [0m] Started File System Check on Root Device.
[[0;32m  OK  [0m] Started udev Coldplug all Devices.
[[0;32m  OK  [0m] Mounted Kernel Configuration File System.
         Starting Remount Root and Kernel File Systems...
[[0;32m  OK  [0m] Started Monitoring of LVM2 mirrors,…sing dmeventd or progress polling.
[[0;32m  OK  [0m] Started Apply Kernel Variables.
[[0;32m  OK  [0m] Started Remount Root and Kernel File Systems.
         Starting Flush Journal to Persistent Storage...
         Starting Load/Save Random Seed...
[[0;32m  OK  [0m] Started Create Static Device Nodes in /dev.
         Starting udev Kernel Device Manager...
[[0;32m  OK  [0m] Started Load/Save Random Seed.
[[0;32m  OK  [0m] Started udev Kernel Device Manager.
[[0;32m  OK  [0m] Started Flush Journal to Persistent Storage.
[[0;32m  OK  [0m] Found device /dev/ttyS0.
[[0;32m  OK  [0m] Listening on Load/Save RF Kill Switch Status /dev/rfkill Watch.
[[0;32m  OK  [0m] Started Set the console keyboard layout.
[[0;32m  OK  [0m] Reached target Local File Systems (Pre).
[[0;32m  OK  [0m] Reached target Local File Systems.
         Starting AppArmor initialization...
         Starting Tell Plymouth To Write Out Runtime Data...
         Starting ebtables ruleset management...
         Starting Create Volatile Files and Directories...
         Starting Commit a transient machine-id on disk...
         Starting Set console font and keymap...
[[0;32m  OK  [0m] Started Dispatch Password Requests to Console Directory Watch.
[[0;32m  OK  [0m] Reached target Local Encrypted Volumes.
[[0;32m  OK  [0m] Started Tell Plymouth To Write Out Runtime Data.
[[0;32m  OK  [0m] Started Create Volatile Files and Directories.
[[0;32m  OK  [0m] Started Commit a transient machine-id on disk.
         Mounting Arbitrary Executable File Formats File System...
         Starting Update UTMP about System Boot/Shutdown...
[[0;32m  OK  [0m] Mounted Arbitrary Executable File Formats File System.
[[0;32m  OK  [0m] Started ebtables ruleset management.
[[0;32m  OK  [0m] Started Update UTMP about System Boot/Shutdown.
[[0;32m  OK  [0m] Started AppArmor initialization.
         Starting Load AppArmor profiles managed internally by snapd...
         Starting Initial cloud-init job (pre-networking)...
[[0;32m  OK  [0m] Started Load AppArmor profiles managed internally by snapd.
[[0;32m  OK  [0m] Started Set console font and keymap.
[   11.336966] cloud-init[783]: Cloud-init v. 23.1.2-0ubuntu0~18.04.1 running 'init-local' at Wed, 06 Nov 2024 05:56:55 +0000. Up 10.98 seconds.
[[0;32m  OK  [0m] Started Initial cloud-init job (pre-networking).
[[0;32m  OK  [0m] Reached target Network (Pre).
         Starting Network Service...
[[0;32m  OK  [0m] Started Network Service.
         Starting Network Name Resolution...
         Starting Wait for Network to be Configured...
[[0;32m  OK  [0m] Started Network Name Resolution.
[[0;32m  OK  [0m] Reached target Host and Network Name Lookups.
[[0;32m  OK  [0m] Reached target Network.
[[0;32m  OK  [0m] Started Wait for Network to be Configured.
         Starting Initial cloud-init job (metadata service crawler)...
[   13.119053] cloud-init[906]: Cloud-init v. 23.1.2-0ubuntu0~18.04.1 running 'init' at Wed, 06 Nov 2024 05:56:57 +0000. Up 12.99 seconds.
[   13.128914] cloud-init[906]: ci-info: ++++++++++++++++++++++++++++++++++++++Net device info+++++++++++++++++++++++++++++++++++++++
[   13.132324] cloud-init[906]: ci-info: +--------+-------+----------------------------+---------------+--------+-------------------+
[   13.143623] cloud-init[906]: ci-info: | Device |   Up  |          Address           |      Mask     | Scope  |     Hw-Address    |
[   13.150702] cloud-init[906]: ci-info: +--------+-------+----------------------------+---------------+--------+-------------------+
[   13.162338] cloud-init[906]: ci-info: | enp0s3 |  True |         10.0.2.15          | 255.255.255.0 | global | 02:3b:7b:b7:3b:2d |
[   13.172168] cloud-init[906]: ci-info: | enp0s3 |  True | fd00::3b:7bff:feb7:3b2d/64 |       .       | global | 02:3b:7b:b7:3b:2d |
[   13.186005] cloud-init[906]: ci-info: | enp0s3 |  True | fe80::3b:7bff:feb7:3b2d/64 |       .       |  link  | 02:3b:7b:b7:3b:2d |
[   13.195144] cloud-init[906]: ci-info: | enp0s8 | False |             .              |       .       |   .    | 08:00:27:7f:f4:3f |
[   13.204947] cloud-init[906]: ci-info: |   lo   |  True |         127.0.0.1          |   255.0.0.0   |  host  |         .         |
[   13.225023] cloud-init[906]: ci-info: |   lo   |  True |          ::1/128           |       .       |  host  |         .         |
[   13.230655] cloud-init[906]: ci-info: +--------+-------+----------------------------+---------------+--------+-------------------+
[   13.248492] cloud-init[906]: ci-info: ++++++++++++++++++++++++++++Route IPv4 info+++++++++++++++++++++++++++++
[   13.254356] cloud-init[906]: ci-info: +-------+-------------+----------+-----------------+-----------+-------+
[   13.262524] cloud-init[906]: ci-info: | Route | Destination | Gateway  |     Genmask     | Interface | Flags |
[   13.271418] cloud-init[906]: ci-info: +-------+-------------+----------+-----------------+-----------+-------+
[   13.278785] cloud-init[906]: ci-info: |   0   |   0.0.0.0   | 10.0.2.2 |     0.0.0.0     |   enp0s3  |   UG  |
[   13.290808] cloud-init[906]: ci-info: |   1   |   10.0.2.0  | 0.0.0.0  |  255.255.255.0  |   enp0s3  |   U   |
[   13.293819] cloud-init[906]: ci-info: |   2   |   10.0.2.2  | 0.0.0.0  | 255.255.255.255 |   enp0s3  |   UH  |
[   13.297855] cloud-init[906]: ci-info: +-------+-------------+----------+-----------------+-----------+-------+
[   13.303481] cloud-init[906]: ci-info: +++++++++++++++++++Route IPv6 info+++++++++++++++++++
[   13.309337] cloud-init[906]: ci-info: +-------+-------------+---------+-----------+-------+
[   13.316676] cloud-init[906]: ci-info: | Route | Destination | Gateway | Interface | Flags |
[   13.327334] cloud-init[906]: ci-info: +-------+-------------+---------+-----------+-------+
[   13.335495] cloud-init[906]: ci-info: |   1   |  fd00::/64  |    ::   |   enp0s3  |   U   |
[   13.341727] cloud-init[906]: ci-info: |   2   |  fe80::/64  |    ::   |   enp0s3  |   U   |
[   13.348868] cloud-init[906]: ci-info: |   3   |     ::/0    | fe80::2 |   enp0s3  |   UG  |
[   13.357039] cloud-init[906]: ci-info: |   5   |    local    |    ::   |   enp0s3  |   U   |
[   13.367961] cloud-init[906]: ci-info: |   6   |   ff00::/8  |    ::   |   enp0s3  |   U   |
[   13.376718] cloud-init[906]: ci-info: +-------+-------------+---------+-----------+-------+
[   14.317136] cloud-init[906]: Generating public/private rsa key pair.
[   14.319573] cloud-init[906]: Your identification has been saved in /etc/ssh/ssh_host_rsa_key.
[   14.336308] cloud-init[906]: Your public key has been saved in /etc/ssh/ssh_host_rsa_key.pub.
[   14.341241] cloud-init[906]: The key fingerprint is:
[   14.343909] cloud-init[906]: SHA256:rcvxXL8nYx0iPBpYKbJ+VRaiUUv7t/ikmzw8M9tJzfc root@ubuntu-bionic
[   14.357467] cloud-init[906]: The key's randomart image is:
[   14.360887] cloud-init[906]: +---[RSA 2048]----+
[   14.366475] cloud-init[906]: |        .o       |
[   14.388293] cloud-init[906]: |       ...o.     |
[   14.399319] cloud-init[906]: |        ooo .    |
[   14.402694] cloud-init[906]: |     . o +.o     |
[   14.419587] [[0;32m  OK  [0m] Started Initial cloud-init job (metadata service crawler).
[[0;32m  OK  [0mcloud-init[906]: ] Reached target Cloud-config availability.
[[0;32m  OK  [0m] Reached target System Initialization.
|      o S =. .   |[[0;32m  OK  [0m] Listening on ACPID Listen Socket.

[[0;32m  OK  [0m] Started ACPI Events Check.
[[0;32m  OK  [0m] Listening on Open-iSCSI iscsid Socket.
[   14.452317] cloud-init[906]: [[0;32m  OK  [0m] Listening on UUID daemon activation socket.
[[0;32m  OK  [0m] Started Discard unused blocks once a week.
[[0;32m  OK  [0m] Started Message of the Day.
[[0;32m  OK  [0m] Listening on D-Bus System Message Bus Socket.
|     . . + +o.+. |
[   14.484611] cloud-init[906]: |    .   + +.++.+o|
[   14.487406] cloud-init[[0;32m  OK  [0m] Listening on cloud-init hotplug hook socket.
[906]: |     . o *.BB.= =|
[   14.494246] cloud-init[906]: |      . o o*B=o=E|         Starting Socket activation for snappy daemon.
[[0;32m  OK  [0m] Reached target Paths.

[   14.500744] cloud-init[906]: +----[SHA256]-----+
[[   14.516949] cloud-init[906]: Generating public/private dsa key pair.[0;32m  OK  [0m] Started Daily Cleanup of Temporary Directories.
[[0;32m  OK  [0m] Started Daily apt download activities.

[   14.529390] cloud-init[906]: Your identification has been saved in /etc/ssh/ssh_host_dsa_key.[[0;32m  OK  [0m] Started Daily apt upgrade and clean activities.

[[0;32m  OK  [0m] Started Ubuntu Advantage Timer for running repeated jobs.
[[0;32m  OK  [0m] Reached target Timers.
[   14.543425] cloud-init[906]:          Starting LXD - unix socket.
[[0;32m  OK  [0mYour public key has been saved in /etc/ssh/ssh_host_dsa_key.pub.
[   14.552013] ] Reached target Network is Online.
         Starting Availability of block devices...
[[0;32m  OK  [0m] Reached target Remote File Systems (Pre).cloud-init
[[0;32m  OK  [0m[906]: The key fingerprint is:
[   14.578763] cloud-init[906]: ] Reached target Remote File Systems.
[[0;32m  OK  [0mSHA256:xRpL8AZ/WG4S2iCJFbrFDiQfcam6vR+Iq096tv3JrRA root@ubuntu-bionic
] Listening on Socket activation for snappy daemon.[   14.601772] cloud-init[906]: The key's randomart image is:
[[0;32m  OK  [0m
[   14.618588] cloud-init[906]: +---[DSA 1024]----+
[   14.623043] cloud-init[906]: |. ++=++ . .      |
[   14.627451] ] Listening on LXD - unix socket.
cloud-init[906]: [[0;32m  OK  [0m] Started Availability of block devices.
[| +.=o. O *       |
[   14.637002] cloud-init[906]: |  +.o . X *      |
[0;32m  OK  [0m] Reached target Sockets.
[   14.644312] cloud-init[906]: |  .=   o O       |
[   14.646840] cloud-init[[0;32m  OK  [0m] Reached target Basic System.
         Starting Pollinate to seed the pseudo random number generator...
[906]: | .. E   S        |
         Starting Permit User Sessions...
[[0;32m  OK  [0m] Started D-Bus System Message Bus.
[   14.677228] cloud-init[906]: |.. . .           |
[   14.691392] cloud-init[906]: |.oo o            |
[   14.702155] cloud-init[906]: |.++. + o         |
[   14.709909]          Starting LSB: automatic crash report generation...
         cloud-init[906]: |=+++o.=..        |Starting Login Service...
         Starting Accounts Service...

         Starting LSB: Record successful boot for GRUB...
[[0;32m  OK  [0m] Started Regular background program processing daemon.
[[0;32m  OK  [0m] Reached target Login Prompts (Pre).
[   14.744891] cloud-init[906]: +----[SHA256]-----+
         Starting System Logging Service...
[   14.753132]          Starting LXD - container startup/shutdown...
cloud-init[906]: Generating public/private ecdsa key pair.
[   14.776526] cloud-init[906]: Your identification has been saved in /etc/ssh/ssh_host_ecdsa_key.
[   14.788962] cloud-init[906]: Your public key has been saved in /etc/ssh/ssh_host_ecdsa_key.pub.
[   14.797323] cloud-init[906]: The key fingerprint is:
[   14.809332] cloud-init[906]: SHA256:gB4qKzuZJFRw6suIHWRjjSytp+7IRpHLV1goCE7AF5M root@ubuntu-bionic
[   14.817057] cloud-init[906]: The key's randomart image is:
[   14.826901] cloud-init[906]: +---[ECDSA 256]---+
[   14.833798] cloud-init[906]: |Bo.++            |
[[0;32m  OK  [0m] Started FUSE filesystem for LXC.
[   14.863515] cloud-init[906]: |+=oE.o           |[[0;32m  OK  [0m] Started Deferred execution scheduler.

[   14.881054] cloud-init[906]: |.o& * .          |
[   14.888534] cloud-init[906]: |.X = o .         |
[   14.900595] cloud-init[906]: |=.* o   S        |
[   14.909437] cloud-init[906]: |=@.o             |
[   14.930821] cloud-init[906]: |X=o              |
[   14.953634] cloud-init[906]: |Oo               |
[   14.960417] cloud-init[906]: |==               |
[   14.964590] cloud-init[906]: +----[SHA256]-----+
[   14.969913] cloud-init[906]: Generating public/private ed25519 key pair.
[   14.975154] cloud-init[906]: Your identification has been saved in /etc/ssh/ssh_host_ed25519_key.
[   14.979875] cloud-init[906]: Your public key has been saved in /etc/ssh/ssh_host_ed25519_key.pub.
[   14.985325] cloud-init[906]: The key fingerprint is:
[   14.992019] cloud-init[906]: SHA256:AQJ1z2QyjEpqcsnw+DiI1J6dkiolCxrZcIqT0KK96RY root@ubuntu-bionic
[   15.000424] cloud-init[906]: The key's randomart image is:
[   15.015592] cloud-init[906]: +--[ED25519 256]--+
[   15.018906] cloud-init[906]: |  .ooo= o        |
[   15.029697] cloud-init[906]: |. . .o.O         |
[[   15.049093] [0;32m  OK  [0m] Started irqbalance daemon.cloud-init[906]: 
| O.o    +        |
         Starting Snap Daemon...
         [   15.067716] Starting Virtualbox guest utils...
cloud-init[906]: |BoO.     .       |
[   15.091655] cloud-init[906]: |X&. + . S        |
[   15.101825] cloud-init[906]: |/ E= o           |
[   15.111226] cloud-init[906]: |oB.+.            |
[   15.119590] cloud-init[906]: |+.+              |
[   15.127699] cloud-init[906]: |.o.              |
[   15.133699] cloud-init[906]: +----[SHA256]-----+
         Starting Dispatcher daemon for systemd-networkd...
[[0;32m  OK  [0m] Started System Logging Service.
[[0;32m  OK  [0m] Started Permit User Sessions.
[[0;32m  OK  [0m] Started Login Service.
[[0;32m  OK  [0m] Started LSB: automatic crash report generation.
         Starting Authorization Manager...
[[0;32m  OK  [0m] Started Unattended Upgrades Shutdown.
         Starting Hostname Service...
         Starting Hold until boot process finishes up...
         Starting Terminate Plymouth Boot Screen...
[[0;32m  OK  [0m] Started Hold until boot process finishes up.
         Starting Set console scheme...
[[0;32m  OK  [0m] Started Serial Getty on ttyS0.
[[0;32m  OK  [0m] Started Terminate Plymouth Boot Screen.
[[0;32m  OK  [0m] Started LXD - container startup/shutdown.
[[0;32m  OK  [0m] Started LSB: Record successful boot for GRUB.
[[0;32m  OK  [0m] Started Set console scheme.
[[0;32m  OK  [0m] Created slice system-getty.slice.
[[0;32m  OK  [0m] Started Getty on tty1.
[[0;32m  OK  [0m] Reached target Login Prompts.
[[0;32m  OK  [0m] Started Hostname Service.
[[0;32m  OK  [0m] Started Authorization Manager.
[[0;32m  OK  [0m] Started Accounts Service.
[[0;32m  OK  [0m] Started Virtualbox guest utils.
[[0;32m  OK  [0m] Started Dispatcher daemon for systemd-networkd.
[[0;32m  OK  [0m] Started Snap Daemon.
         Starting Wait until snapd is fully seeded...
[[0;32m  OK  [0m] Started Pollinate to seed the pseudo random number generator.
         Starting OpenBSD Secure Shell server...
[[0;32m  OK  [0m] Started OpenBSD Secure Shell server.
         Starting Time & Date Service...
[[0;32m  OK  [0m] Started Time & Date Service.
[[0;32m  OK  [0m] Created slice User Slice of vagrant.
         Starting User Manager for UID 1000...
[[0;32m  OK  [0m] Started Session 1 of user vagrant.
[[0;32m  OK  [0m] Started User Manager for UID 1000.

Ubuntu 18.04.6 LTS ubuntu-bionic ttyS0

ubuntu-bionic login: [   30.254300] cloud-init[1678]: Cloud-init v. 23.1.2-0ubuntu0~18.04.1 running 'modules:config' at Wed, 06 Nov 2024 05:57:14 +0000. Up 29.59 seconds.
ci-info: no authorized SSH keys fingerprints found for user ubuntu.
<14>Nov  6 05:57:16 cloud-init: #############################################################
<14>Nov  6 05:57:16 cloud-init: -----BEGIN SSH HOST KEY FINGERPRINTS-----
<14>Nov  6 05:57:16 cloud-init: 1024 SHA256:xRpL8AZ/WG4S2iCJFbrFDiQfcam6vR+Iq096tv3JrRA root@ubuntu-bionic (DSA)
<14>Nov  6 05:57:16 cloud-init: 256 SHA256:gB4qKzuZJFRw6suIHWRjjSytp+7IRpHLV1goCE7AF5M root@ubuntu-bionic (ECDSA)
<14>Nov  6 05:57:16 cloud-init: 256 SHA256:AQJ1z2QyjEpqcsnw+DiI1J6dkiolCxrZcIqT0KK96RY root@ubuntu-bionic (ED25519)
<14>Nov  6 05:57:16 cloud-init: 2048 SHA256:rcvxXL8nYx0iPBpYKbJ+VRaiUUv7t/ikmzw8M9tJzfc root@ubuntu-bionic (RSA)
<14>Nov  6 05:57:16 cloud-init: -----END SSH HOST KEY FINGERPRINTS-----
<14>Nov  6 05:57:16 cloud-init: #############################################################
-----BEGIN SSH HOST KEY KEYS-----
ecdsa-sha2-nistp256 AAAAE2VjZHNhLXNoYTItbmlzdHAyNTYAAAAIbmlzdHAyNTYAAABBBMdsbF0YUn5Hw7S5L5/IWh8rP8f0qCxsKjfwK2i4naY1P1qB/BPoAWKAFd2Kmi6C/cB9jDN1phyPPiSKudI+3qs= root@ubuntu-bionic
ssh-ed25519 AAAAC3NzaC1lZDI1NTE5AAAAINqSORnyz/fhnWw9o1O5WAsNdZt7sQhy08K8RA7y4X5E root@ubuntu-bionic
ssh-rsa AAAAB3NzaC1yc2EAAAADAQABAAABAQCYUNqr6khO42g1t4C8pU1rN1KcM4NI2NBSnJyjza3GbabkklGjwK7BQ19afO7LMDdnyerYchoM1g2toIrqqLljqhl3nVHC9gMPZIkEhgME2jHFcO/3qD2tCV/XeVUcyPPwyslFgWdGUQb9WkL2QLZvWLkV7ggV0CDdZAmZKRXc+Az2qY6gsrmIX2GW8CXvjH9XVA2EBH+lUujLndAKjZ6+M2T20LfQLXdE4Osoe7K18nO8TXA/Xuo0jEyVrwg47tJORK6QrvDNsqefdY2ubo2cHTFc93uNJqDfGDijPk+tr5eyOVLuGGW17EvDuPj9K087nuJR0qOomj9Ap6lWQbP7 root@ubuntu-bionic
-----END SSH HOST KEY KEYS-----
[   31.349440] cloud-init[1761]: Cloud-init v. 23.1.2-0ubuntu0~18.04.1 running 'modules:final' at Wed, 06 Nov 2024 05:57:15 +0000. Up 30.93 seconds.
[   31.369561] cloud-init[1761]: Cloud-init v. 23.1.2-0ubuntu0~18.04.1 finished at Wed, 06 Nov 2024 05:57:16 +0000. Datasource DataSourceNoCloud [seed=/dev/sdb][dsmode=net].  Up 31.33 seconds
